2023-01-18 10:48:12,009 [Worker-5: Loading available Gradle versions] INFO  o.e.b.c.i.u.g.PublishedGradleVersions - Gradle version information cache is up-to-date. Trying to read.
2023-01-18 10:50:44,157 [Worker-5: Importing Maven projects] INFO  o.e.m.c.i.l.LifecycleMappingFactory - Using org.eclipse.m2e.jdt.JarLifecycleMapping lifecycle mapping for MavenProject: com.insorance:08-Application-Registration:0.0.1-SNAPSHOT @ C:\Users\mausoof.azam\Downloads\Microservices\08-Application-Registration\pom.xml.
2023-01-18 10:51:44,194 [Worker-5: Importing Maven projects] INFO  o.e.m.c.i.l.LifecycleMappingFactory - Using org.eclipse.m2e.jdt.JarLifecycleMapping lifecycle mapping for MavenProject: com.insorance:11DC_API-1:0.0.1-SNAPSHOT @ C:\Users\mausoof.azam\Downloads\Microservices\11DC_API-1\pom.xml.
2023-01-18 10:51:45,783 [Worker-5: Importing Maven projects] INFO  o.e.m.c.i.l.LifecycleMappingFactory - Using org.eclipse.m2e.jdt.JarLifecycleMapping lifecycle mapping for MavenProject: com.insorance:12_CO_API:0.0.1-SNAPSHOT @ C:\Users\mausoof.azam\Downloads\Microservices\12_CO_API\pom.xml.
2023-01-18 10:51:51,656 [Worker-5: Importing Maven projects] INFO  o.e.m.c.i.l.LifecycleMappingFactory - Using org.eclipse.m2e.jdt.JarLifecycleMapping lifecycle mapping for MavenProject: com.snort:Register-Api:0.0.1-SNAPSHOT @ C:\Users\mausoof.azam\Downloads\Microservices\Register-Api\pom.xml.
2023-01-18 10:52:10,548 [Worker-5: Importing Maven projects] INFO  o.e.m.c.i.l.LifecycleMappingFactory - Using org.eclipse.m2e.jdt.JarLifecycleMapping lifecycle mapping for MavenProject: com.snort:User-Management-Application:0.0.1-SNAPSHOT @ C:\Users\mausoof.azam\Downloads\Microservices\User-Management-Application\pom.xml.
2023-01-18 10:54:05,660 [Worker-5: Importing Maven projects] INFO  o.e.m.j.i.AbstractJavaProjectConfigurator - Adding source folder /08-Application-Registration/src/main/java
2023-01-18 10:54:05,665 [Worker-5: Importing Maven projects] INFO  o.e.m.j.i.AbstractJavaProjectConfigurator - Adding resource folder /08-Application-Registration/src/main/resources
2023-01-18 10:54:05,670 [Worker-5: Importing Maven projects] INFO  o.e.m.j.i.AbstractJavaProjectConfigurator - Adding resource folder /08-Application-Registration/src/main/resources
2023-01-18 10:54:05,673 [Worker-5: Importing Maven projects] INFO  o.e.m.j.i.AbstractJavaProjectConfigurator - Adding source folder /08-Application-Registration/src/test/java
2023-01-18 10:54:13,236 [Worker-5: Importing Maven projects] INFO  o.e.m.j.i.AbstractJavaProjectConfigurator - Adding source folder /12_CO_API/src/main/java
2023-01-18 10:54:13,238 [Worker-5: Importing Maven projects] INFO  o.e.m.j.i.AbstractJavaProjectConfigurator - Adding resource folder /12_CO_API/src/main/resources
2023-01-18 10:54:13,241 [Worker-5: Importing Maven projects] INFO  o.e.m.j.i.AbstractJavaProjectConfigurator - Adding resource folder /12_CO_API/src/main/resources
2023-01-18 10:54:13,244 [Worker-5: Importing Maven projects] INFO  o.e.m.j.i.AbstractJavaProjectConfigurator - Adding source folder /12_CO_API/src/test/java
2023-01-18 10:54:16,335 [Worker-5: Importing Maven projects] INFO  o.e.m.j.i.AbstractJavaProjectConfigurator - Adding source folder /11DC_API-1/src/main/java
2023-01-18 10:54:16,337 [Worker-5: Importing Maven projects] INFO  o.e.m.j.i.AbstractJavaProjectConfigurator - Adding resource folder /11DC_API-1/src/main/resources
2023-01-18 10:54:16,340 [Worker-5: Importing Maven projects] INFO  o.e.m.j.i.AbstractJavaProjectConfigurator - Adding resource folder /11DC_API-1/src/main/resources
2023-01-18 10:54:16,343 [Worker-5: Importing Maven projects] INFO  o.e.m.j.i.AbstractJavaProjectConfigurator - Adding source folder /11DC_API-1/src/test/java
2023-01-18 10:54:19,721 [Worker-5: Importing Maven projects] INFO  o.e.m.j.i.AbstractJavaProjectConfigurator - Adding source folder /User-Management-Application/src/main/java
2023-01-18 10:54:19,723 [Worker-5: Importing Maven projects] INFO  o.e.m.j.i.AbstractJavaProjectConfigurator - Adding resource folder /User-Management-Application/src/main/resources
2023-01-18 10:54:19,727 [Worker-5: Importing Maven projects] INFO  o.e.m.j.i.AbstractJavaProjectConfigurator - Adding resource folder /User-Management-Application/src/main/resources
2023-01-18 10:54:19,733 [Worker-5: Importing Maven projects] INFO  o.e.m.j.i.AbstractJavaProjectConfigurator - Adding source folder /User-Management-Application/src/test/java
2023-01-18 10:54:41,597 [Worker-5: Importing Maven projects] INFO  o.e.m.j.i.AbstractJavaProjectConfigurator - Adding source folder /Register-Api/src/main/java
2023-01-18 10:54:41,600 [Worker-5: Importing Maven projects] INFO  o.e.m.j.i.AbstractJavaProjectConfigurator - Adding resource folder /Register-Api/src/main/resources
2023-01-18 10:54:41,604 [Worker-5: Importing Maven projects] INFO  o.e.m.j.i.AbstractJavaProjectConfigurator - Adding resource folder /Register-Api/src/main/resources
2023-01-18 10:54:41,610 [Worker-5: Importing Maven projects] INFO  o.e.m.j.i.AbstractJavaProjectConfigurator - Adding source folder /Register-Api/src/test/java
2023-01-18 10:55:12,720 [Worker-5: Importing Maven projects] INFO  o.e.m.c.i.p.ProjectConfigurationManager - Imported and configured 5 project(s) in 366 sec
2023-01-18 10:55:14,651 [Worker-10: Updating Maven Project] INFO  o.e.m.c.i.p.ProjectConfigurationManager - Update started
2023-01-18 10:55:26,758 [Worker-10: Updating Maven Project] INFO  o.e.m.c.i.l.LifecycleMappingFactory - Using org.eclipse.m2e.jdt.JarLifecycleMapping lifecycle mapping for MavenProject: com.insorance:08-Application-Registration:0.0.1-SNAPSHOT @ C:\Users\mausoof.azam\Downloads\Microservices\08-Application-Registration\pom.xml.
2023-01-18 10:55:31,011 [Worker-10: Updating Maven Project] INFO  o.e.m.c.i.l.LifecycleMappingFactory - Using org.eclipse.m2e.jdt.JarLifecycleMapping lifecycle mapping for MavenProject: com.insorance:11DC_API-1:0.0.1-SNAPSHOT @ C:\Users\mausoof.azam\Downloads\Microservices\11DC_API-1\pom.xml.
2023-01-18 10:55:34,154 [Worker-10: Updating Maven Project] INFO  o.e.m.c.i.l.LifecycleMappingFactory - Using org.eclipse.m2e.jdt.JarLifecycleMapping lifecycle mapping for MavenProject: com.insorance:12_CO_API:0.0.1-SNAPSHOT @ C:\Users\mausoof.azam\Downloads\Microservices\12_CO_API\pom.xml.
2023-01-18 10:55:35,983 [Worker-10: Updating Maven Project] INFO  o.e.m.c.i.l.LifecycleMappingFactory - Using org.eclipse.m2e.jdt.JarLifecycleMapping lifecycle mapping for MavenProject: com.snort:Register-Api:0.0.1-SNAPSHOT @ C:\Users\mausoof.azam\Downloads\Microservices\Register-Api\pom.xml.
2023-01-18 10:55:38,499 [Worker-10: Updating Maven Project] INFO  o.e.m.c.i.l.LifecycleMappingFactory - Using org.eclipse.m2e.jdt.JarLifecycleMapping lifecycle mapping for MavenProject: com.snort:User-Management-Application:0.0.1-SNAPSHOT @ C:\Users\mausoof.azam\Downloads\Microservices\User-Management-Application\pom.xml.
2023-01-18 10:55:51,215 [Worker-10: Updating Maven Project] INFO  o.e.m.j.i.AbstractJavaProjectConfigurator - Adding source folder /08-Application-Registration/src/main/java
2023-01-18 10:55:51,217 [Worker-10: Updating Maven Project] INFO  o.e.m.j.i.AbstractJavaProjectConfigurator - Adding resource folder /08-Application-Registration/src/main/resources
2023-01-18 10:55:51,220 [Worker-10: Updating Maven Project] INFO  o.e.m.j.i.AbstractJavaProjectConfigurator - Adding resource folder /08-Application-Registration/src/main/resources
2023-01-18 10:55:51,224 [Worker-10: Updating Maven Project] INFO  o.e.m.j.i.AbstractJavaProjectConfigurator - Adding source folder /08-Application-Registration/src/test/java
2023-01-18 10:55:54,527 [Worker-10: Updating Maven Project] INFO  o.e.m.j.i.AbstractJavaProjectConfigurator - Adding source folder /11DC_API-1/src/main/java
2023-01-18 10:55:54,530 [Worker-10: Updating Maven Project] INFO  o.e.m.j.i.AbstractJavaProjectConfigurator - Adding resource folder /11DC_API-1/src/main/resources
2023-01-18 10:55:54,533 [Worker-10: Updating Maven Project] INFO  o.e.m.j.i.AbstractJavaProjectConfigurator - Adding resource folder /11DC_API-1/src/main/resources
2023-01-18 10:55:54,536 [Worker-10: Updating Maven Project] INFO  o.e.m.j.i.AbstractJavaProjectConfigurator - Adding source folder /11DC_API-1/src/test/java
2023-01-18 10:55:56,914 [Worker-10: Updating Maven Project] INFO  o.e.m.j.i.AbstractJavaProjectConfigurator - Adding source folder /12_CO_API/src/main/java
2023-01-18 10:55:56,916 [Worker-10: Updating Maven Project] INFO  o.e.m.j.i.AbstractJavaProjectConfigurator - Adding resource folder /12_CO_API/src/main/resources
2023-01-18 10:55:56,921 [Worker-10: Updating Maven Project] INFO  o.e.m.j.i.AbstractJavaProjectConfigurator - Adding resource folder /12_CO_API/src/main/resources
2023-01-18 10:55:56,925 [Worker-10: Updating Maven Project] INFO  o.e.m.j.i.AbstractJavaProjectConfigurator - Adding source folder /12_CO_API/src/test/java
2023-01-18 10:55:59,849 [Worker-10: Updating Maven Project] INFO  o.e.m.j.i.AbstractJavaProjectConfigurator - Adding source folder /Register-Api/src/main/java
2023-01-18 10:55:59,852 [Worker-10: Updating Maven Project] INFO  o.e.m.j.i.AbstractJavaProjectConfigurator - Adding resource folder /Register-Api/src/main/resources
2023-01-18 10:55:59,854 [Worker-10: Updating Maven Project] INFO  o.e.m.j.i.AbstractJavaProjectConfigurator - Adding resource folder /Register-Api/src/main/resources
2023-01-18 10:55:59,857 [Worker-10: Updating Maven Project] INFO  o.e.m.j.i.AbstractJavaProjectConfigurator - Adding source folder /Register-Api/src/test/java
2023-01-18 10:56:02,842 [Worker-10: Updating Maven Project] INFO  o.e.m.j.i.AbstractJavaProjectConfigurator - Adding source folder /User-Management-Application/src/main/java
2023-01-18 10:56:02,845 [Worker-10: Updating Maven Project] INFO  o.e.m.j.i.AbstractJavaProjectConfigurator - Adding resource folder /User-Management-Application/src/main/resources
2023-01-18 10:56:02,847 [Worker-10: Updating Maven Project] INFO  o.e.m.j.i.AbstractJavaProjectConfigurator - Adding resource folder /User-Management-Application/src/main/resources
2023-01-18 10:56:02,849 [Worker-10: Updating Maven Project] INFO  o.e.m.j.i.AbstractJavaProjectConfigurator - Adding source folder /User-Management-Application/src/test/java
2023-01-18 10:56:08,185 [Worker-10: Updating Maven Project] INFO  o.e.m.c.i.p.ProjectConfigurationManager - Update completed for 5 poms: local refresh takes 1.00 sec, refresh facades takes 34.00 sec, update config takes 14.00 sec 
2023-01-18 10:56:17,484 [Worker-6: Building] INFO  o.e.m.c.i.embedder.EclipseLogger - Using 'UTF-8' encoding to copy filtered resources.
2023-01-18 10:56:17,485 [Worker-6: Building] INFO  o.e.m.c.i.embedder.EclipseLogger - Using 'UTF-8' encoding to copy filtered properties files.
2023-01-18 10:56:17,515 [Worker-6: Building] INFO  o.e.m.c.i.embedder.EclipseLogger - Copying 1 resource
2023-01-18 10:56:17,794 [Worker-6: Building] INFO  o.e.m.c.i.embedder.EclipseLogger - Copying 1 resource
2023-01-18 10:56:17,888 [Worker-6: Building] INFO  o.e.m.c.i.embedder.EclipseLogger - Using 'UTF-8' encoding to copy filtered resources.
2023-01-18 10:56:17,890 [Worker-6: Building] INFO  o.e.m.c.i.embedder.EclipseLogger - Using 'UTF-8' encoding to copy filtered properties files.
2023-01-18 10:56:17,891 [Worker-6: Building] INFO  o.e.m.c.i.embedder.EclipseLogger - skip non existing resourceDirectory C:\Users\mausoof.azam\Downloads\Microservices\08-Application-Registration\src\test\resources
2023-01-18 10:57:42,938 [Worker-13: Building] INFO  o.e.m.c.i.embedder.EclipseLogger - Using 'UTF-8' encoding to copy filtered resources.
2023-01-18 10:57:42,941 [Worker-13: Building] INFO  o.e.m.c.i.embedder.EclipseLogger - Using 'UTF-8' encoding to copy filtered properties files.
2023-01-18 10:57:42,947 [Worker-13: Building] INFO  o.e.m.c.i.embedder.EclipseLogger - Copying 0 resource
2023-01-18 10:57:42,950 [Worker-13: Building] INFO  o.e.m.c.i.embedder.EclipseLogger - Copying 0 resource
2023-01-18 10:57:42,967 [Worker-13: Building] INFO  o.e.m.c.i.embedder.EclipseLogger - Using 'UTF-8' encoding to copy filtered resources.
2023-01-18 10:57:42,968 [Worker-13: Building] INFO  o.e.m.c.i.embedder.EclipseLogger - Using 'UTF-8' encoding to copy filtered properties files.
2023-01-18 10:57:42,969 [Worker-13: Building] INFO  o.e.m.c.i.embedder.EclipseLogger - skip non existing resourceDirectory C:\Users\mausoof.azam\Downloads\Microservices\08-Application-Registration\src\test\resources
2023-01-27 19:54:00,837 [Worker-3: Loading available Gradle versions] INFO  o.e.b.c.i.u.g.PublishedGradleVersions - Gradle version information cache is out-of-date. Trying to update.
2023-01-28 12:20:55,459 [main] INFO  o.e.m2e.actions.ExecutePomAction - Creating new launch configuration
2023-01-28 12:21:04,935 [Worker-20: Launching Register-Api] INFO  o.eclipse.m2e.core.internal.Bundles - getClasspathEntries(Bundle=org.eclipse.m2e.maven.runtime_3.8.604.20221130-2149 [345])
2023-01-28 12:21:05,922 [Worker-20: Launching Register-Api] INFO  o.eclipse.m2e.core.internal.Bundles - 	Entry: C:\Users\mausoof.azam\Downloads\sts-4.17.1.RELEASE\plugins\org.eclipse.m2e.maven.runtime_3.8.604.20221130-2149
2023-01-28 12:21:05,925 [Worker-20: Launching Register-Api] INFO  o.eclipse.m2e.core.internal.Bundles - 	Entry: C:\Users\mausoof.azam\Downloads\sts-4.17.1.RELEASE\plugins\org.eclipse.m2e.maven.runtime_3.8.604.20221130-2149\jars\aether-connector-okhttp-0.17.8.jar
2023-01-28 12:21:05,928 [Worker-20: Launching Register-Api] INFO  o.eclipse.m2e.core.internal.Bundles - 	Entry: C:\Users\mausoof.azam\Downloads\sts-4.17.1.RELEASE\plugins\org.eclipse.m2e.maven.runtime_3.8.604.20221130-2149\jars\commons-cli-1.4.jar
2023-01-28 12:21:05,930 [Worker-20: Launching Register-Api] INFO  o.eclipse.m2e.core.internal.Bundles - 	Entry: C:\Users\mausoof.azam\Downloads\sts-4.17.1.RELEASE\plugins\org.eclipse.m2e.maven.runtime_3.8.604.20221130-2149\jars\commons-io-2.6.jar
2023-01-28 12:21:05,931 [Worker-20: Launching Register-Api] INFO  o.eclipse.m2e.core.internal.Bundles - 	Entry: C:\Users\mausoof.azam\Downloads\sts-4.17.1.RELEASE\plugins\org.eclipse.m2e.maven.runtime_3.8.604.20221130-2149\jars\commons-lang3-3.8.1.jar
2023-01-28 12:21:05,934 [Worker-20: Launching Register-Api] INFO  o.eclipse.m2e.core.internal.Bundles - 	Entry: C:\Users\mausoof.azam\Downloads\sts-4.17.1.RELEASE\plugins\org.eclipse.m2e.maven.runtime_3.8.604.20221130-2149\jars\guice-4.2.2-no_aop.jar
2023-01-28 12:21:05,935 [Worker-20: Launching Register-Api] INFO  o.eclipse.m2e.core.internal.Bundles - 	Entry: C:\Users\mausoof.azam\Downloads\sts-4.17.1.RELEASE\plugins\org.eclipse.m2e.maven.runtime_3.8.604.20221130-2149\jars\jansi-2.4.0.jar
2023-01-28 12:21:05,936 [Worker-20: Launching Register-Api] INFO  o.eclipse.m2e.core.internal.Bundles - 	Entry: C:\Users\mausoof.azam\Downloads\sts-4.17.1.RELEASE\plugins\org.eclipse.m2e.maven.runtime_3.8.604.20221130-2149\jars\maven-artifact-3.8.6.jar
2023-01-28 12:21:05,938 [Worker-20: Launching Register-Api] INFO  o.eclipse.m2e.core.internal.Bundles - 	Entry: C:\Users\mausoof.azam\Downloads\sts-4.17.1.RELEASE\plugins\org.eclipse.m2e.maven.runtime_3.8.604.20221130-2149\jars\maven-builder-support-3.8.6.jar
2023-01-28 12:21:05,939 [Worker-20: Launching Register-Api] INFO  o.eclipse.m2e.core.internal.Bundles - 	Entry: C:\Users\mausoof.azam\Downloads\sts-4.17.1.RELEASE\plugins\org.eclipse.m2e.maven.runtime_3.8.604.20221130-2149\jars\maven-compat-3.8.6.jar
2023-01-28 12:21:05,942 [Worker-20: Launching Register-Api] INFO  o.eclipse.m2e.core.internal.Bundles - 	Entry: C:\Users\mausoof.azam\Downloads\sts-4.17.1.RELEASE\plugins\org.eclipse.m2e.maven.runtime_3.8.604.20221130-2149\jars\maven-core-3.8.6.jar
2023-01-28 12:21:05,943 [Worker-20: Launching Register-Api] INFO  o.eclipse.m2e.core.internal.Bundles - 	Entry: C:\Users\mausoof.azam\Downloads\sts-4.17.1.RELEASE\plugins\org.eclipse.m2e.maven.runtime_3.8.604.20221130-2149\jars\maven-embedder-3.8.6.jar
2023-01-28 12:21:05,944 [Worker-20: Launching Register-Api] INFO  o.eclipse.m2e.core.internal.Bundles - 	Entry: C:\Users\mausoof.azam\Downloads\sts-4.17.1.RELEASE\plugins\org.eclipse.m2e.maven.runtime_3.8.604.20221130-2149\jars\maven-model-3.8.6.jar
2023-01-28 12:21:05,945 [Worker-20: Launching Register-Api] INFO  o.eclipse.m2e.core.internal.Bundles - 	Entry: C:\Users\mausoof.azam\Downloads\sts-4.17.1.RELEASE\plugins\org.eclipse.m2e.maven.runtime_3.8.604.20221130-2149\jars\maven-model-builder-3.8.6.jar
2023-01-28 12:21:05,947 [Worker-20: Launching Register-Api] INFO  o.eclipse.m2e.core.internal.Bundles - 	Entry: C:\Users\mausoof.azam\Downloads\sts-4.17.1.RELEASE\plugins\org.eclipse.m2e.maven.runtime_3.8.604.20221130-2149\jars\maven-plugin-api-3.8.6.jar
2023-01-28 12:21:05,947 [Worker-20: Launching Register-Api] INFO  o.eclipse.m2e.core.internal.Bundles - 	Entry: C:\Users\mausoof.azam\Downloads\sts-4.17.1.RELEASE\plugins\org.eclipse.m2e.maven.runtime_3.8.604.20221130-2149\jars\maven-repository-metadata-3.8.6.jar
2023-01-28 12:21:05,948 [Worker-20: Launching Register-Api] INFO  o.eclipse.m2e.core.internal.Bundles - 	Entry: C:\Users\mausoof.azam\Downloads\sts-4.17.1.RELEASE\plugins\org.eclipse.m2e.maven.runtime_3.8.604.20221130-2149\jars\maven-resolver-api-1.6.3.jar
2023-01-28 12:21:05,949 [Worker-20: Launching Register-Api] INFO  o.eclipse.m2e.core.internal.Bundles - 	Entry: C:\Users\mausoof.azam\Downloads\sts-4.17.1.RELEASE\plugins\org.eclipse.m2e.maven.runtime_3.8.604.20221130-2149\jars\maven-resolver-connector-basic-1.6.3.jar
2023-01-28 12:21:05,949 [Worker-20: Launching Register-Api] INFO  o.eclipse.m2e.core.internal.Bundles - 	Entry: C:\Users\mausoof.azam\Downloads\sts-4.17.1.RELEASE\plugins\org.eclipse.m2e.maven.runtime_3.8.604.20221130-2149\jars\maven-resolver-impl-1.6.3.jar
2023-01-28 12:21:05,950 [Worker-20: Launching Register-Api] INFO  o.eclipse.m2e.core.internal.Bundles - 	Entry: C:\Users\mausoof.azam\Downloads\sts-4.17.1.RELEASE\plugins\org.eclipse.m2e.maven.runtime_3.8.604.20221130-2149\jars\maven-resolver-provider-3.8.6.jar
2023-01-28 12:21:05,951 [Worker-20: Launching Register-Api] INFO  o.eclipse.m2e.core.internal.Bundles - 	Entry: C:\Users\mausoof.azam\Downloads\sts-4.17.1.RELEASE\plugins\org.eclipse.m2e.maven.runtime_3.8.604.20221130-2149\jars\maven-resolver-spi-1.6.3.jar
2023-01-28 12:21:05,951 [Worker-20: Launching Register-Api] INFO  o.eclipse.m2e.core.internal.Bundles - 	Entry: C:\Users\mausoof.azam\Downloads\sts-4.17.1.RELEASE\plugins\org.eclipse.m2e.maven.runtime_3.8.604.20221130-2149\jars\maven-resolver-transport-wagon-1.6.3.jar
2023-01-28 12:21:05,952 [Worker-20: Launching Register-Api] INFO  o.eclipse.m2e.core.internal.Bundles - 	Entry: C:\Users\mausoof.azam\Downloads\sts-4.17.1.RELEASE\plugins\org.eclipse.m2e.maven.runtime_3.8.604.20221130-2149\jars\maven-resolver-util-1.6.3.jar
2023-01-28 12:21:05,952 [Worker-20: Launching Register-Api] INFO  o.eclipse.m2e.core.internal.Bundles - 	Entry: C:\Users\mausoof.azam\Downloads\sts-4.17.1.RELEASE\plugins\org.eclipse.m2e.maven.runtime_3.8.604.20221130-2149\jars\maven-settings-3.8.6.jar
2023-01-28 12:21:05,953 [Worker-20: Launching Register-Api] INFO  o.eclipse.m2e.core.internal.Bundles - 	Entry: C:\Users\mausoof.azam\Downloads\sts-4.17.1.RELEASE\plugins\org.eclipse.m2e.maven.runtime_3.8.604.20221130-2149\jars\maven-settings-builder-3.8.6.jar
2023-01-28 12:21:05,953 [Worker-20: Launching Register-Api] INFO  o.eclipse.m2e.core.internal.Bundles - 	Entry: C:\Users\mausoof.azam\Downloads\sts-4.17.1.RELEASE\plugins\org.eclipse.m2e.maven.runtime_3.8.604.20221130-2149\jars\maven-shared-utils-3.3.4.jar
2023-01-28 12:21:05,954 [Worker-20: Launching Register-Api] INFO  o.eclipse.m2e.core.internal.Bundles - 	Entry: C:\Users\mausoof.azam\Downloads\sts-4.17.1.RELEASE\plugins\org.eclipse.m2e.maven.runtime_3.8.604.20221130-2149\jars\okhttp-3.14.1.jar
2023-01-28 12:21:05,954 [Worker-20: Launching Register-Api] INFO  o.eclipse.m2e.core.internal.Bundles - 	Entry: C:\Users\mausoof.azam\Downloads\sts-4.17.1.RELEASE\plugins\org.eclipse.m2e.maven.runtime_3.8.604.20221130-2149\jars\okio-1.17.3.jar
2023-01-28 12:21:05,956 [Worker-20: Launching Register-Api] INFO  o.eclipse.m2e.core.internal.Bundles - 	Entry: C:\Users\mausoof.azam\Downloads\sts-4.17.1.RELEASE\plugins\org.eclipse.m2e.maven.runtime_3.8.604.20221130-2149\jars\org.eclipse.sisu.inject-0.3.5.jar
2023-01-28 12:21:05,957 [Worker-20: Launching Register-Api] INFO  o.eclipse.m2e.core.internal.Bundles - 	Entry: C:\Users\mausoof.azam\Downloads\sts-4.17.1.RELEASE\plugins\org.eclipse.m2e.maven.runtime_3.8.604.20221130-2149\jars\org.eclipse.sisu.plexus-0.3.5.jar
2023-01-28 12:21:05,959 [Worker-20: Launching Register-Api] INFO  o.eclipse.m2e.core.internal.Bundles - 	Entry: C:\Users\mausoof.azam\Downloads\sts-4.17.1.RELEASE\plugins\org.eclipse.m2e.maven.runtime_3.8.604.20221130-2149\jars\plexus-build-api-0.0.7.jar
2023-01-28 12:21:05,960 [Worker-20: Launching Register-Api] INFO  o.eclipse.m2e.core.internal.Bundles - 	Entry: C:\Users\mausoof.azam\Downloads\sts-4.17.1.RELEASE\plugins\org.eclipse.m2e.maven.runtime_3.8.604.20221130-2149\jars\plexus-cipher-2.0.jar
2023-01-28 12:21:05,962 [Worker-20: Launching Register-Api] INFO  o.eclipse.m2e.core.internal.Bundles - 	Entry: C:\Users\mausoof.azam\Downloads\sts-4.17.1.RELEASE\plugins\org.eclipse.m2e.maven.runtime_3.8.604.20221130-2149\jars\plexus-classworlds-2.6.0.jar
2023-01-28 12:21:05,963 [Worker-20: Launching Register-Api] INFO  o.eclipse.m2e.core.internal.Bundles - 	Entry: C:\Users\mausoof.azam\Downloads\sts-4.17.1.RELEASE\plugins\org.eclipse.m2e.maven.runtime_3.8.604.20221130-2149\jars\plexus-component-annotations-2.1.0.jar
2023-01-28 12:21:05,964 [Worker-20: Launching Register-Api] INFO  o.eclipse.m2e.core.internal.Bundles - 	Entry: C:\Users\mausoof.azam\Downloads\sts-4.17.1.RELEASE\plugins\org.eclipse.m2e.maven.runtime_3.8.604.20221130-2149\jars\plexus-interpolation-1.26.jar
2023-01-28 12:21:05,965 [Worker-20: Launching Register-Api] INFO  o.eclipse.m2e.core.internal.Bundles - 	Entry: C:\Users\mausoof.azam\Downloads\sts-4.17.1.RELEASE\plugins\org.eclipse.m2e.maven.runtime_3.8.604.20221130-2149\jars\plexus-sec-dispatcher-2.0.jar
2023-01-28 12:21:05,965 [Worker-20: Launching Register-Api] INFO  o.eclipse.m2e.core.internal.Bundles - 	Entry: C:\Users\mausoof.azam\Downloads\sts-4.17.1.RELEASE\plugins\org.eclipse.m2e.maven.runtime_3.8.604.20221130-2149\jars\plexus-utils-3.3.1.jar
2023-01-28 12:21:05,966 [Worker-20: Launching Register-Api] INFO  o.eclipse.m2e.core.internal.Bundles - 	Entry: C:\Users\mausoof.azam\Downloads\sts-4.17.1.RELEASE\plugins\org.eclipse.m2e.maven.runtime_3.8.604.20221130-2149\jars\wagon-file-3.5.1.jar
2023-01-28 12:21:05,967 [Worker-20: Launching Register-Api] INFO  o.eclipse.m2e.core.internal.Bundles - 	Entry: C:\Users\mausoof.azam\Downloads\sts-4.17.1.RELEASE\plugins\org.eclipse.m2e.maven.runtime_3.8.604.20221130-2149\jars\wagon-provider-api-3.5.1.jar
2023-01-28 12:21:05,972 [Worker-20: Launching Register-Api] INFO  o.eclipse.m2e.core.internal.Bundles - getClasspathEntries(Bundle=com.google.guava_30.1.0.v20221112-0806 [22])
2023-01-28 12:21:05,979 [Worker-20: Launching Register-Api] INFO  o.eclipse.m2e.core.internal.Bundles - 	Entry: C:\Users\mausoof.azam\Downloads\sts-4.17.1.RELEASE\plugins\com.google.guava_30.1.0.v20221112-0806.jar
2023-01-28 12:21:05,980 [Worker-20: Launching Register-Api] INFO  o.eclipse.m2e.core.internal.Bundles - getClasspathEntries(Bundle=slf4j.api_1.7.36 [584])
2023-01-28 12:21:05,981 [Worker-20: Launching Register-Api] INFO  o.eclipse.m2e.core.internal.Bundles - 	Entry: C:\Users\mausoof.azam\Downloads\sts-4.17.1.RELEASE\plugins\slf4j.api_1.7.36.jar
2023-01-28 12:21:05,982 [Worker-20: Launching Register-Api] INFO  o.eclipse.m2e.core.internal.Bundles - getClasspathEntries(Bundle=javax.inject_1.0.0.v20220405-0441 [49])
2023-01-28 12:21:05,983 [Worker-20: Launching Register-Api] INFO  o.eclipse.m2e.core.internal.Bundles - 	Entry: C:\Users\mausoof.azam\Downloads\sts-4.17.1.RELEASE\plugins\javax.inject_1.0.0.v20220405-0441.jar
2023-01-28 12:21:05,984 [Worker-20: Launching Register-Api] INFO  o.eclipse.m2e.core.internal.Bundles - getClasspathEntries(Bundle=javax.annotation_1.3.5.v20221112-0806 [47])
2023-01-28 12:21:05,986 [Worker-20: Launching Register-Api] INFO  o.eclipse.m2e.core.internal.Bundles - 	Entry: C:\Users\mausoof.azam\Downloads\sts-4.17.1.RELEASE\plugins\javax.annotation_1.3.5.v20221112-0806.jar
2023-01-28 12:21:05,997 [Worker-20: Launching Register-Api] INFO  o.e.m.i.launch.MavenLaunchDelegate - Run build in "C:\Users\mausoof.azam\Downloads\Microservices\Register-Api":
2023-01-28 12:21:05,998 [Worker-20: Launching Register-Api] INFO  o.e.m.i.launch.MavenLaunchDelegate -  mvn  -B -Dstyle.color=always package
2023-01-28 12:29:42,961 [Worker-23: Building] INFO  o.e.m.c.i.embedder.EclipseLogger - Using 'UTF-8' encoding to copy filtered resources.
2023-01-28 12:29:42,961 [Worker-23: Building] INFO  o.e.m.c.i.embedder.EclipseLogger - Using 'UTF-8' encoding to copy filtered properties files.
2023-01-28 12:29:42,966 [Worker-23: Building] INFO  o.e.m.c.i.embedder.EclipseLogger - Copying 1 resource
2023-01-28 12:29:43,050 [Worker-23: Building] INFO  o.e.m.c.i.embedder.EclipseLogger - Copying 1 resource
2023-01-28 12:29:43,056 [Worker-23: Building] INFO  o.e.m.c.i.embedder.EclipseLogger - Using 'UTF-8' encoding to copy filtered resources.
2023-01-28 12:29:43,056 [Worker-23: Building] INFO  o.e.m.c.i.embedder.EclipseLogger - Using 'UTF-8' encoding to copy filtered properties files.
2023-01-28 12:29:43,056 [Worker-23: Building] INFO  o.e.m.c.i.embedder.EclipseLogger - skip non existing resourceDirectory C:\Users\mausoof.azam\Downloads\Microservices\Register-Api\src\test\resources
2023-01-29 19:12:50,854 [Worker-80: Building] INFO  o.e.m.c.i.embedder.EclipseLogger - Using 'UTF-8' encoding to copy filtered resources.
2023-01-29 19:12:50,855 [Worker-80: Building] INFO  o.e.m.c.i.embedder.EclipseLogger - Using 'UTF-8' encoding to copy filtered properties files.
2023-01-29 19:12:50,857 [Worker-80: Building] INFO  o.e.m.c.i.embedder.EclipseLogger - Copying 0 resource
2023-01-29 19:12:50,858 [Worker-80: Building] INFO  o.e.m.c.i.embedder.EclipseLogger - Copying 0 resource
